<?xml version="1.0" encoding="UTF-8"?>
<!-- Generated by org.testng.reporters.JUnitXMLReporter -->
<testsuite ignored="0" hostname="DESKTOP-HN5IFF8" failures="1" tests="1" name="Test" time="7.598" errors="0" timestamp="14 May 2021 17:00:54 GMT">
  <testcase classname="jtracer.TestM" name="@AfterMethod cleanApp" time="0.001">
    <failure type="java.lang.NullPointerException" message="Cannot invoke &amp;quot;io.appium.java_client.windows.WindowsDriver.quit()&amp;quot; because &amp;quot;jtracer.TestM.jailtrackerapp&amp;quot; is null">
      <![CDATA[java.lang.NullPointerException: Cannot invoke "io.appium.java_client.windows.WindowsDriver.quit()" because "jtracer.TestM.jailtrackerapp" is null
at jtracer.TestM.cleanApp(TestM.java:41)
... Removed 28 stack frames]]>
    </failure>
  </testcase> <!-- @AfterMethod cleanApp -->
  <testcase classname="jtracer.TestM" name="checkAboutWindow" time="0.006">
    <failure type="java.lang.NullPointerException" message="Cannot invoke &amp;quot;io.appium.java_client.windows.WindowsDriver.findElementByName(String)&amp;quot; because &amp;quot;jtracer.TestM.jailtrackerapp&amp;quot; is null">
      <![CDATA[java.lang.NullPointerException: Cannot invoke "io.appium.java_client.windows.WindowsDriver.findElementByName(String)" because "jtracer.TestM.jailtrackerapp" is null
at jtracer.TestM.checkAboutWindow(TestM.java:52)
... Removed 25 stack frames]]>
    </failure>
  </testcase> <!-- checkAboutWindow -->
</testsuite> <!-- Test -->
