<?xml version="1.0" encoding="UTF-8"?>
<testng-results ignored="0" total="1" passed="1" failed="0" skipped="0">
  <reporter-output>
  </reporter-output>
  <suite started-at="2021-05-16T12:06:57Z" name="Default suite" finished-at="2021-05-16T12:07:19Z" duration-ms="21751">
    <groups>
    </groups>
    <test started-at="2021-05-16T12:06:57Z" name="Default test" finished-at="2021-05-16T12:07:19Z" duration-ms="21751">
      <class name="jtracer.TestRobot">
        <test-method signature="setUp()[pri:0, instance:jtracer.TestRobot@24111ef1]" started-at="2021-05-16T12:06:57Z" name="setUp" finished-at="2021-05-16T12:07:19Z" duration-ms="21685" status="PASS">
          <reporter-output>
          </reporter-output>
        </test-method> <!-- setUp -->
      </class> <!-- jtracer.TestRobot -->
    </test> <!-- Default test -->
  </suite> <!-- Default suite -->
</testng-results>
